============================= test session starts =============================
platform win32 -- Python 3.11.9, pytest-9.0.2, pluggy-1.6.0 -- C:\Users\ADMIN\AppData\Local\Programs\Python\Python311\python.exe
cachedir: .pytest_cache
metadata: {'Python': '3.11.9', 'Platform': 'Windows-10-10.0.26100-SP0', 'Packages': {'pytest': '9.0.2', 'pluggy': '1.6.0'}, 'Plugins': {'html': '4.2.0', 'metadata': '3.1.1'}}
rootdir: D:\Hoc_Tap\Tu_Hoc\B_Data_Engineer\Data-Engineer\homework3
plugins: html-4.2.0, metadata-3.1.1
collecting ... collected 43 items

tests/test_airflow.py::TestAirflowHealth::test_airflow_webserver_health PASSED [  2%]
tests/test_airflow.py::TestAirflowHealth::test_airflow_version PASSED    [  4%]
tests/test_airflow.py::TestAirflowDAGs::test_list_dags PASSED            [  6%]
tests/test_airflow.py::TestAirflowDAGs::test_dag_details PASSED          [  9%]
tests/test_airflow.py::TestAirflowDAGs::test_dag_tasks PASSED            [ 11%]
tests/test_airflow.py::TestAirflowDagRuns::test_list_dag_runs PASSED     [ 13%]
tests/test_airflow.py::TestAirflowDagRuns::test_trigger_dag_run PASSED   [ 16%]
tests/test_airflow.py::TestAirflowConnections::test_list_connections PASSED [ 18%]
tests/test_airflow.py::TestAirflowIntegration::test_airflow_can_reach_spark PASSED [ 20%]
tests/test_airflow.py::TestAirflowIntegration::test_airflow_scheduler_heartbeat PASSED [ 23%]
tests/test_e2e_flow.py::TestE2EFlow::test_vision_event_storage_flow PASSED [ 25%]
tests/test_e2e_flow.py::TestE2EFlow::test_cdc_topic_existence PASSED     [ 27%]
tests/test_e2e_flow.py::TestE2EFlow::test_processing_job_submission PASSED [ 30%]
tests/test_monitoring.py::TestPrometheusHealth::test_prometheus_health PASSED [ 32%]
tests/test_monitoring.py::TestPrometheusHealth::test_prometheus_ready PASSED [ 34%]
tests/test_monitoring.py::TestPrometheusHealth::test_prometheus_config PASSED [ 37%]
tests/test_monitoring.py::TestPrometheusTargets::test_prometheus_targets PASSED [ 39%]
tests/test_monitoring.py::TestPrometheusTargets::test_prometheus_target_health PASSED [ 41%]
tests/test_monitoring.py::TestPrometheusMetrics::test_prometheus_query_up_metric PASSED [ 44%]
tests/test_monitoring.py::TestPrometheusMetrics::test_prometheus_query_kafka_metrics PASSED [ 46%]
tests/test_monitoring.py::TestPrometheusMetrics::test_prometheus_query_system_metrics PASSED [ 48%]
tests/test_monitoring.py::TestGrafanaHealth::test_grafana_health PASSED  [ 51%]
tests/test_monitoring.py::TestGrafanaHealth::test_grafana_datasources PASSED [ 53%]
tests/test_monitoring.py::TestGrafanaHealth::test_grafana_dashboards PASSED [ 55%]
tests/test_monitoring.py::TestGrafanaPrometheusIntegration::test_grafana_can_query_prometheus PASSED [ 58%]
tests/test_monitoring.py::TestMonitoringStack::test_end_to_end_metric_flow PASSED [ 60%]
tests/test_pipeline.py::TestLayer1Source::test_postgres_source_connection PASSED [ 62%]
tests/test_pipeline.py::TestLayer2Ingestion::test_kafka_connect_health PASSED [ 65%]
tests/test_pipeline.py::TestLayer2Ingestion::test_rabbitmq_connection PASSED [ 67%]
tests/test_pipeline.py::TestLayer3Storage::test_minio_buckets PASSED     [ 69%]
tests/test_pipeline.py::TestLayer5Query::test_trino_health PASSED        [ 72%]
tests/test_pipeline.py::TestFullPipelineHealth::test_all_services_up PASSED [ 74%]
tests/test_spark_flink.py::TestSparkCluster::test_spark_master_health PASSED [ 76%]
tests/test_spark_flink.py::TestSparkCluster::test_spark_master_info PASSED [ 79%]
tests/test_spark_flink.py::TestSparkCluster::test_spark_workers_registered PASSED [ 81%]
tests/test_spark_flink.py::TestSparkCluster::test_spark_worker_health PASSED [ 83%]
tests/test_spark_flink.py::TestSparkCluster::test_spark_applications_list PASSED [ 86%]
tests/test_spark_flink.py::TestFlinkCluster::test_flink_jobmanager_health PASSED [ 88%]
tests/test_spark_flink.py::TestFlinkCluster::test_flink_cluster_overview PASSED [ 90%]
tests/test_spark_flink.py::TestFlinkCluster::test_flink_taskmanagers_registered PASSED [ 93%]
tests/test_spark_flink.py::TestFlinkCluster::test_flink_jobs_list PASSED [ 95%]
tests/test_spark_flink.py::TestFlinkCluster::test_flink_config PASSED    [ 97%]
tests/test_spark_flink.py::TestSparkFlinkIntegration::test_spark_flink_resources_sufficient PASSED [100%]

============================= 43 passed in 6.36s ==============================
